###############################################################################
#
# This is the additional jtreg exclude list for SapMachine langtools tests.
#
# List of tests that should not be run by test/Makefile, for various reasons:
#   1. Does not run with jtreg -samevm mode
#   2. Causes problems in jtreg -samevm mode for jtreg or tests that follow it
#   3. The test is too slow or consumes too many system resources
#   4. The test fails when run on any official build systems
#
# Tests marked @ignore are not run by test/Makefile, but harmless to be listed.
#
# List items are testnames followed by labels, all MUST BE commented
#   as to why they are here and use a label:
#     generic-all   Problems on all platforms
#     generic-ARCH  Where ARCH is one of: sparc, sparcv9, x64, i586, ppc64,
#                   ppc64le, s390x etc
#     OSNAME-all    Where OSNAME is one of: solaris, linux, windows, macosx, aix
#     OSNAME-ARCH   Specific on to one OSNAME and ARCH, e.g. solaris-amd64
#     OSNAME-REV    Specific on to one OSNAME and REV, e.g. solaris-5.8
#
# More than one label is allowed but must be on the same line comma seperated,
# without spaces!
# If there are several lines, the last one is used.
#
# SAP/SapMachine usage notes:
#
# This exclude list should be a vehicle only for temporary exclusions of tests
# or exclusions that are caused by infrastrucure specifics.
#
# Our first goal should be to fix test issues upstream or at least open
# upstream bugs and get the test excluded via the upstream exclusion lists.
#
# We have both internal exclude lists and exclude lists in the SapMachine
# repository. The internal lists are the master and the public lists in the
# SapMachine repository will be refreshed regularly, removing comments
# which reveal internal URLs, names or hostnames.
#
# The public SapMachine exclusion lists might contain additional test
# exclusions, specific to the SapMachine build and test infrastructure. That
# section needs to be placed at the end of the file.
#
###############################################################################

###############################################################################
# Tests known to be failing in OpenJDK when JDK 12 was released (3/2019)

# SapMachine 2019-03-07
# Filed the following bug:
# 8220348: [ntintel] asserts about copying unalinged array
# SapMachine 2019-05-08 Still failing in 11.
jdk/jshell/ToolProviderTest.java                                    windows-i586

# SapMachine 2019-03-10
# timeouts: Failed remote launch: java.util.concurrent.TimeoutException
# SapMachine 2019-04-30 Still fails in 11.
jdk/jshell/JdiHangingLaunchExecutionControlTest.java                generic-all

# SapMachine 2019-05-07
# java.lang.AssertionError: ... lists don't have the same size expected [91] but found [92]
# Seen in 11.0.3 and 11.0.4 very sporadic
jdk/jshell/CommandCompletionTest.java                               macosx-all

# SapMachine 2019-06-28
# java.lang.AssertionError: Error too big
# Seen on 11.0.3/4 and 13 quite sporadic.
#
#
# SapMachine 2019-08-08 Fix for 8227247 pushed to jdk11u-dev. We can probably remove this entry in a few days.
#tools/sjavac/IdleShutdown.java                             8227247 windows-x64

###############################################################################
# Failing new tests, unsupported new features in jdk13

# SapMachine 2019-03-12
# JavadocTester.java:99: error: unknown tag: Test
# SapMachine 2019-06-28 Check whether fixed
#jdk/javadoc/doclet/InheritDocForUserTags/DocTest.java               generic-all

###############################################################################
# New failures detected after GA of 13

###############################################################################
# Tests known to be failing in SapMachine due to SapMachine specific setup.

# SapMachine 2019-01-31 These fail in the SapMachine CI infrastructure.
# Need to check how this can be fixed.
jdk/javadoc/doclet/testLinkOption/TestRedirectLinks.java            macosx-all
jdk/jshell/ExceptionMessageTest.java                                macosx-all
jdk/jshell/FailOverDirectExecutionControlTest.java                  macosx-all
jdk/jshell/FailOverExecutionControlDyingLaunchTest.java             macosx-all
jdk/jshell/FailOverExecutionControlHangingLaunchTest.java           macosx-all
jdk/jshell/FailOverExecutionControlTest.java                        macosx-all
jdk/jshell/JdiFailingLaunchExecutionControlTest.java                macosx-all
jdk/jshell/JdiFailingListenExecutionControlTest.java                macosx-all
jdk/jshell/JdiHangingLaunchExecutionControlTest.java                macosx-all
jdk/jshell/JdiHangingListenExecutionControlTest.java                macosx-all
jdk/jshell/JdiLaunchingExecutionControlTest.java                    macosx-all
jdk/jshell/JdiListeningExecutionControlTest.java                    macosx-all
jdk/jshell/ToolBasicTest.java                                       macosx-all
jdk/jshell/ToolRetainTest.java                                      windows-all
jdk/jshell/ToolSimpleTest.java                                      macosx-all
jdk/jshell/ToolTabCommandTest.java                                  windows-all,macosx-all
jdk/jshell/UserJdiUserRemoteTest.java                       8173079 linux-all,macosx-all
tools/javac/lambda/lambdaExecution/LambdaTranslationTest1.java      macosx-all
tools/javac/lambda/lambdaExecution/LambdaTranslationTest2.java      macosx-all
tools/javac/lambdaShapes/org/openjdk/tests/javac/FDTest.java        macosx-all
tools/jdeprscan/tests/jdk/jdeprscan/TestRelease.java                macosx-all
tools/jdeps/modules/GenOpenModule.java                              windows-all
